<?xml version="1.0" encoding="UTF-8"?>
<!-- Generated by org.testng.reporters.JUnitReportReporter -->
<testsuite hostname="DESKTOP-97GT8AD" failures="0" tests="1" name="ms.SeleniumFramework.FlowCheck1" time="25.601" errors="0" timestamp="2024-03-20T12:16:01 IST" skipped="0">
  <testcase classname="ms.SeleniumFramework.FlowCheck1" name="submitOrder" time="25.601"/>
  <system-out/>
</testsuite> <!-- ms.SeleniumFramework.FlowCheck1 -->
